2024-11-27 12:33:58,512 - INFO - Starting CAN message decoding...
2024-11-27 12:33:58,512 - ERROR - Error processing file can_messages.csv: [Errno 2] No such file or directory: 'can_messages.csv'
2024-11-27 12:33:58,512 - ERROR - Fatal error: [Errno 2] No such file or directory: 'can_messages.csv'
2024-11-27 12:36:04,756 - INFO - Starting CAN message decoding...
2024-11-27 12:36:04,756 - ERROR - Error processing file can_messages.csv: [Errno 2] No such file or directory: 'can_messages.csv'
2024-11-27 12:36:04,756 - ERROR - Fatal error: [Errno 2] No such file or directory: 'can_messages.csv'
2024-11-27 12:36:40,123 - INFO - Starting CAN message decoding...
2024-11-27 12:36:40,135 - INFO - Processed 1000 messages...
2024-11-27 12:36:40,137 - INFO - Saving decoded data...
2024-11-27 12:36:40,173 - INFO - 
        Decoding completed:
        - Total messages: 1195
        - Successfully decoded: 1195
        - Unknown PGNs: 0
        - Errors: 0
        
2024-11-27 12:40:17,238 - INFO - Starting CAN message decoding...
2024-11-27 12:40:17,247 - INFO - Processed 1000 messages
2024-11-27 12:40:17,248 - INFO - Saving decoded data...
2024-11-27 12:40:17,264 - INFO - 
        Decoding completed:
        - Total messages: 1188
        - Successfully decoded: 1188
        - Errors: 0
        
2024-11-27 12:42:57,217 - INFO - Starting CAN message decoding...
2024-11-27 12:42:57,228 - INFO - Processed 1000 messages
2024-11-27 12:42:57,230 - INFO - Saving decoded data...
2024-11-27 12:42:57,255 - INFO - 
        Decoding completed:
        - Total messages: 1188
        - Successfully decoded: 618
        - Unknown PGNs: 570
        - Errors: 0
        
2024-11-27 12:46:50,388 - INFO - Starting CAN message decoding...
2024-11-27 12:46:50,388 - ERROR - Fatal error: 'CANDecoder' object has no attribute 'decode_can_log'
2024-11-27 12:48:32,642 - INFO - Starting CAN message decoding...
2024-11-27 12:48:32,653 - INFO - Processed 1000 messages
2024-11-27 12:48:32,655 - INFO - Saving decoded data...
2024-11-27 12:48:32,681 - INFO - 
        Decoding completed:
        - Total messages: 1188
        - Successfully decoded: 1137
        - Unknown PGNs: 51
        - Errors: 0
        
2024-11-27 12:51:07,066 - INFO - Starting CAN message decoding...
2024-11-27 12:51:07,077 - INFO - Processed 1000 messages
2024-11-27 12:51:07,079 - INFO - Saving decoded data...
2024-11-27 12:51:07,107 - INFO - 
        Decoding completed:
        - Total messages: 1188
        - Successfully decoded: 1137
        - Unknown PGNs: 51
        - Errors: 0
        
2024-11-27 12:56:09,654 - INFO - Starting CAN message decoding...
2024-11-27 12:56:09,665 - INFO - Processed 1000 messages
2024-11-27 12:56:09,667 - INFO - Saving decoded data...
2024-11-27 12:56:09,694 - INFO - 
        Decoding completed:
        - Total messages: 1188
        - Successfully decoded: 1188
        - Unknown PGNs: 0
        - Errors: 0
        
